[1.114s] DEBUG:colcon:Command line arguments: ['/usr/bin/colcon', 'build']
[1.114s] DEBUG:colcon:Parsed command line arguments: Namespace(log_base=None, log_level=None, verb_name='build', build_base='build', install_base='install', merge_install=False, symlink_install=False, test_result_base=None, continue_on_error=False, executor='parallel', parallel_workers=16, event_handlers=None, ignore_user_meta=False, metas=['./colcon.meta'], base_paths=['.'], packages_ignore=None, packages_ignore_regex=None, paths=None, packages_up_to=None, packages_up_to_regex=None, packages_above=None, packages_above_and_dependencies=None, packages_above_depth=None, packages_select_by_dep=None, packages_skip_by_dep=None, packages_skip_up_to=None, packages_select_build_failed=False, packages_skip_build_finished=False, packages_select_test_failures=False, packages_skip_test_passed=False, packages_select=None, packages_skip=None, packages_select_regex=None, packages_skip_regex=None, packages_start=None, packages_end=None, allow_overriding=[], cmake_args=None, cmake_target=None, cmake_target_skip_unavailable=False, cmake_clean_cache=False, cmake_clean_first=False, cmake_force_configure=False, ament_cmake_args=None, catkin_cmake_args=None, catkin_skip_building_tests=False, mixin_files=None, mixin=None, verb_parser=<colcon_mixin.mixin.mixin_argument.MixinArgumentDecorator object at 0x7f17758fc310>, verb_extension=<colcon_core.verb.build.BuildVerb object at 0x7f17758fc850>, main=<bound method BuildVerb.main of <colcon_core.verb.build.BuildVerb object at 0x7f17758fc850>>, mixin_verb=('build',))
[1.163s] Level 1:colcon.colcon_core.package_discovery:discover_packages(colcon_meta) check parameters
[1.163s] Level 1:colcon.colcon_core.package_discovery:discover_packages(recursive) check parameters
[1.163s] Level 1:colcon.colcon_core.package_discovery:discover_packages(ignore) check parameters
[1.163s] Level 1:colcon.colcon_core.package_discovery:discover_packages(path) check parameters
[1.163s] Level 1:colcon.colcon_core.package_discovery:discover_packages(colcon_meta) discover
[1.163s] Level 1:colcon.colcon_core.package_discovery:discover_packages(recursive) discover
[1.163s] INFO:colcon.colcon_core.package_discovery:Crawling recursively for packages in '/home/jxf/robotarm'
[1.163s] Level 1:colcon.colcon_core.package_identification:_identify(.) by extensions ['ignore', 'ignore_ament_install']
[1.163s] Level 1:colcon.colcon_core.package_identification:_identify(.) by extension 'ignore'
[1.163s] Level 1:colcon.colcon_core.package_identification:_identify(.) by extension 'ignore_ament_install'
[1.163s] Level 1:colcon.colcon_core.package_identification:_identify(.) by extensions ['colcon_pkg']
[1.163s] Level 1:colcon.colcon_core.package_identification:_identify(.) by extension 'colcon_pkg'
[1.163s] Level 1:colcon.colcon_core.package_identification:_identify(.) by extensions ['colcon_meta']
[1.163s] Level 1:colcon.colcon_core.package_identification:_identify(.) by extension 'colcon_meta'
[1.163s] Level 1:colcon.colcon_core.package_identification:_identify(.) by extensions ['ros']
[1.163s] Level 1:colcon.colcon_core.package_identification:_identify(.) by extension 'ros'
[1.172s] Level 1:colcon.colcon_core.package_identification:_identify(.) by extensions ['cmake', 'python']
[1.172s] Level 1:colcon.colcon_core.package_identification:_identify(.) by extension 'cmake'
[1.172s] Level 1:colcon.colcon_core.package_identification:_identify(.) by extension 'python'
[1.172s] Level 1:colcon.colcon_core.package_identification:_identify(.) by extensions ['python_setup_py']
[1.172s] Level 1:colcon.colcon_core.package_identification:_identify(.) by extension 'python_setup_py'
[1.172s] Level 1:colcon.colcon_core.package_identification:_identify(build) by extensions ['ignore', 'ignore_ament_install']
[1.172s] Level 1:colcon.colcon_core.package_identification:_identify(build) by extension 'ignore'
[1.172s] Level 1:colcon.colcon_core.package_identification:_identify(build) ignored
[1.172s] Level 1:colcon.colcon_core.package_identification:_identify(install) by extensions ['ignore', 'ignore_ament_install']
[1.173s] Level 1:colcon.colcon_core.package_identification:_identify(install) by extension 'ignore'
[1.173s] Level 1:colcon.colcon_core.package_identification:_identify(install) ignored
[1.173s] Level 1:colcon.colcon_core.package_identification:_identify(log) by extensions ['ignore', 'ignore_ament_install']
[1.173s] Level 1:colcon.colcon_core.package_identification:_identify(log) by extension 'ignore'
[1.173s] Level 1:colcon.colcon_core.package_identification:_identify(log) ignored
[1.173s] Level 1:colcon.colcon_core.package_identification:_identify(robotarm) by extensions ['ignore', 'ignore_ament_install']
[1.173s] Level 1:colcon.colcon_core.package_identification:_identify(robotarm) by extension 'ignore'
[1.173s] Level 1:colcon.colcon_core.package_identification:_identify(robotarm) by extension 'ignore_ament_install'
[1.173s] Level 1:colcon.colcon_core.package_identification:_identify(robotarm) by extensions ['colcon_pkg']
[1.173s] Level 1:colcon.colcon_core.package_identification:_identify(robotarm) by extension 'colcon_pkg'
[1.173s] Level 1:colcon.colcon_core.package_identification:_identify(robotarm) by extensions ['colcon_meta']
[1.173s] Level 1:colcon.colcon_core.package_identification:_identify(robotarm) by extension 'colcon_meta'
[1.173s] Level 1:colcon.colcon_core.package_identification:_identify(robotarm) by extensions ['ros']
[1.173s] Level 1:colcon.colcon_core.package_identification:_identify(robotarm) by extension 'ros'
[1.175s] DEBUG:colcon.colcon_core.package_identification:Package 'robotarm' with type 'ros.ament_cmake' and name 'robotarm'
[1.175s] Level 1:colcon.colcon_core.package_identification:_identify(robotarm_moveit2) by extensions ['ignore', 'ignore_ament_install']
[1.175s] Level 1:colcon.colcon_core.package_identification:_identify(robotarm_moveit2) by extension 'ignore'
[1.175s] Level 1:colcon.colcon_core.package_identification:_identify(robotarm_moveit2) by extension 'ignore_ament_install'
[1.175s] Level 1:colcon.colcon_core.package_identification:_identify(robotarm_moveit2) by extensions ['colcon_pkg']
[1.175s] Level 1:colcon.colcon_core.package_identification:_identify(robotarm_moveit2) by extension 'colcon_pkg'
[1.175s] Level 1:colcon.colcon_core.package_identification:_identify(robotarm_moveit2) by extensions ['colcon_meta']
[1.175s] Level 1:colcon.colcon_core.package_identification:_identify(robotarm_moveit2) by extension 'colcon_meta'
[1.175s] Level 1:colcon.colcon_core.package_identification:_identify(robotarm_moveit2) by extensions ['ros']
[1.175s] Level 1:colcon.colcon_core.package_identification:_identify(robotarm_moveit2) by extension 'ros'
[1.176s] DEBUG:colcon.colcon_core.package_identification:Package 'robotarm_moveit2' with type 'ros.ament_cmake' and name 'robotarm_moveit2'
[1.176s] Level 1:colcon.colcon_core.package_discovery:discover_packages(recursive) using defaults
[1.176s] Level 1:colcon.colcon_core.package_discovery:discover_packages(ignore) discover
[1.176s] Level 1:colcon.colcon_core.package_discovery:discover_packages(ignore) using defaults
[1.176s] Level 1:colcon.colcon_core.package_discovery:discover_packages(path) discover
[1.176s] Level 1:colcon.colcon_core.package_discovery:discover_packages(path) using defaults
[1.254s] Level 1:colcon.colcon_core.package_discovery:discover_packages(prefix_path) check parameters
[1.255s] Level 1:colcon.colcon_core.package_discovery:discover_packages(prefix_path) discover
[1.268s] WARNING:colcon.colcon_ros.prefix_path.ament:The path '/home/jxf/robotarm/install/robotarm_moveit2' in the environment variable AMENT_PREFIX_PATH doesn't exist
[1.268s] WARNING:colcon.colcon_ros.prefix_path.ament:The path '/home/jxf/robotarm/install/robotarm_control' in the environment variable AMENT_PREFIX_PATH doesn't exist
[1.268s] WARNING:colcon.colcon_ros.prefix_path.ament:The path '/home/jxf/robotarm/install/robotarm' in the environment variable AMENT_PREFIX_PATH doesn't exist
[1.270s] WARNING:colcon.colcon_ros.prefix_path.catkin:The path '/home/jxf/robotarm/install/robotarm_moveit2' in the environment variable CMAKE_PREFIX_PATH doesn't exist
[1.270s] WARNING:colcon.colcon_ros.prefix_path.catkin:The path '/home/jxf/robotarm/install/robotarm_control' in the environment variable CMAKE_PREFIX_PATH doesn't exist
[1.270s] WARNING:colcon.colcon_ros.prefix_path.catkin:The path '/home/jxf/robotarm/install/robotarm' in the environment variable CMAKE_PREFIX_PATH doesn't exist
[1.284s] DEBUG:colcon.colcon_installed_package_information.package_discovery:Found 0 installed packages in /home/jxf/robotarm/install
[1.298s] DEBUG:colcon.colcon_installed_package_information.package_discovery:Found 65 installed packages in /home/jxf/ws_moveit/install
[1.312s] DEBUG:colcon.colcon_installed_package_information.package_discovery:Found 350 installed packages in /opt/ros/humble
[1.314s] Level 1:colcon.colcon_core.package_discovery:discover_packages(prefix_path) using defaults
[1.399s] Level 5:colcon.colcon_core.verb:set package 'robotarm' build argument 'cmake_args' from command line to 'None'
[1.399s] Level 5:colcon.colcon_core.verb:set package 'robotarm' build argument 'cmake_target' from command line to 'None'
[1.399s] Level 5:colcon.colcon_core.verb:set package 'robotarm' build argument 'cmake_target_skip_unavailable' from command line to 'False'
[1.399s] Level 5:colcon.colcon_core.verb:set package 'robotarm' build argument 'cmake_clean_cache' from command line to 'False'
[1.399s] Level 5:colcon.colcon_core.verb:set package 'robotarm' build argument 'cmake_clean_first' from command line to 'False'
[1.399s] Level 5:colcon.colcon_core.verb:set package 'robotarm' build argument 'cmake_force_configure' from command line to 'False'
[1.399s] Level 5:colcon.colcon_core.verb:set package 'robotarm' build argument 'ament_cmake_args' from command line to 'None'
[1.399s] Level 5:colcon.colcon_core.verb:set package 'robotarm' build argument 'catkin_cmake_args' from command line to 'None'
[1.399s] Level 5:colcon.colcon_core.verb:set package 'robotarm' build argument 'catkin_skip_building_tests' from command line to 'False'
[1.399s] DEBUG:colcon.colcon_core.verb:Building package 'robotarm' with the following arguments: {'ament_cmake_args': None, 'build_base': '/home/jxf/robotarm/build/robotarm', 'catkin_cmake_args': None, 'catkin_skip_building_tests': False, 'cmake_args': None, 'cmake_clean_cache': False, 'cmake_clean_first': False, 'cmake_force_configure': False, 'cmake_target': None, 'cmake_target_skip_unavailable': False, 'install_base': '/home/jxf/robotarm/install/robotarm', 'merge_install': False, 'path': '/home/jxf/robotarm/robotarm', 'symlink_install': False, 'test_result_base': None}
[1.412s] Level 5:colcon.colcon_core.verb:set package 'robotarm_moveit2' build argument 'cmake_args' from command line to 'None'
[1.412s] Level 5:colcon.colcon_core.verb:set package 'robotarm_moveit2' build argument 'cmake_target' from command line to 'None'
[1.412s] Level 5:colcon.colcon_core.verb:set package 'robotarm_moveit2' build argument 'cmake_target_skip_unavailable' from command line to 'False'
[1.412s] Level 5:colcon.colcon_core.verb:set package 'robotarm_moveit2' build argument 'cmake_clean_cache' from command line to 'False'
[1.412s] Level 5:colcon.colcon_core.verb:set package 'robotarm_moveit2' build argument 'cmake_clean_first' from command line to 'False'
[1.412s] Level 5:colcon.colcon_core.verb:set package 'robotarm_moveit2' build argument 'cmake_force_configure' from command line to 'False'
[1.412s] Level 5:colcon.colcon_core.verb:set package 'robotarm_moveit2' build argument 'ament_cmake_args' from command line to 'None'
[1.412s] Level 5:colcon.colcon_core.verb:set package 'robotarm_moveit2' build argument 'catkin_cmake_args' from command line to 'None'
[1.412s] Level 5:colcon.colcon_core.verb:set package 'robotarm_moveit2' build argument 'catkin_skip_building_tests' from command line to 'False'
[1.412s] DEBUG:colcon.colcon_core.verb:Building package 'robotarm_moveit2' with the following arguments: {'ament_cmake_args': None, 'build_base': '/home/jxf/robotarm/build/robotarm_moveit2', 'catkin_cmake_args': None, 'catkin_skip_building_tests': False, 'cmake_args': None, 'cmake_clean_cache': False, 'cmake_clean_first': False, 'cmake_force_configure': False, 'cmake_target': None, 'cmake_target_skip_unavailable': False, 'install_base': '/home/jxf/robotarm/install/robotarm_moveit2', 'merge_install': False, 'path': '/home/jxf/robotarm/robotarm_moveit2', 'symlink_install': False, 'test_result_base': None}
[1.425s] INFO:colcon.colcon_core.executor:Executing jobs using 'parallel' executor
[1.438s] DEBUG:colcon.colcon_parallel_executor.executor.parallel:run_until_complete
[1.439s] INFO:colcon.colcon_ros.task.ament_cmake.build:Building ROS package in '/home/jxf/robotarm/robotarm' with build type 'ament_cmake'
[1.439s] INFO:colcon.colcon_cmake.task.cmake.build:Building CMake package in '/home/jxf/robotarm/robotarm'
[1.453s] INFO:colcon.colcon_core.plugin_system:Skipping extension 'colcon_core.shell.bat': Not used on non-Windows systems
[1.454s] INFO:colcon.colcon_core.shell:Skip shell extension 'powershell' for command environment: Not usable outside of PowerShell
[1.454s] DEBUG:colcon.colcon_core.shell:Skip shell extension 'dsv' for command environment
[1.528s] DEBUG:colcon.colcon_core.event_handler.log_command:Invoking command in '/home/jxf/robotarm/build/robotarm': CMAKE_PREFIX_PATH=${CMAKE_PREFIX_PATH}:/home/jxf/ws_moveit/install/moveit_configs_utils:/opt/ros/humble /usr/bin/cmake /home/jxf/robotarm/robotarm -DCMAKE_INSTALL_PREFIX=/home/jxf/robotarm/install/robotarm
[3.231s] DEBUG:colcon.colcon_core.event_handler.log_command:Invoked command in '/home/jxf/robotarm/build/robotarm' returned '0': CMAKE_PREFIX_PATH=${CMAKE_PREFIX_PATH}:/home/jxf/ws_moveit/install/moveit_configs_utils:/opt/ros/humble /usr/bin/cmake /home/jxf/robotarm/robotarm -DCMAKE_INSTALL_PREFIX=/home/jxf/robotarm/install/robotarm
[3.235s] DEBUG:colcon.colcon_core.event_handler.log_command:Invoking command in '/home/jxf/robotarm/build/robotarm': CMAKE_PREFIX_PATH=${CMAKE_PREFIX_PATH}:/home/jxf/ws_moveit/install/moveit_configs_utils:/opt/ros/humble /usr/bin/cmake --build /home/jxf/robotarm/build/robotarm -- -j16 -l16
[3.370s] DEBUG:colcon.colcon_core.event_handler.log_command:Invoked command in '/home/jxf/robotarm/build/robotarm' returned '0': CMAKE_PREFIX_PATH=${CMAKE_PREFIX_PATH}:/home/jxf/ws_moveit/install/moveit_configs_utils:/opt/ros/humble /usr/bin/cmake --build /home/jxf/robotarm/build/robotarm -- -j16 -l16
[3.507s] DEBUG:colcon.colcon_core.event_handler.log_command:Invoking command in '/home/jxf/robotarm/build/robotarm': CMAKE_PREFIX_PATH=${CMAKE_PREFIX_PATH}:/home/jxf/ws_moveit/install/moveit_configs_utils:/opt/ros/humble /usr/bin/cmake --install /home/jxf/robotarm/build/robotarm
[3.606s] Level 1:colcon.colcon_core.environment:create_environment_scripts_only(robotarm)
[3.606s] DEBUG:colcon.colcon_core.event_handler.log_command:Invoked command in '/home/jxf/robotarm/build/robotarm' returned '0': CMAKE_PREFIX_PATH=${CMAKE_PREFIX_PATH}:/home/jxf/ws_moveit/install/moveit_configs_utils:/opt/ros/humble /usr/bin/cmake --install /home/jxf/robotarm/build/robotarm
[3.620s] Level 1:colcon.colcon_core.environment:checking '/home/jxf/robotarm/install/robotarm' for CMake module files
[3.620s] Level 1:colcon.colcon_core.environment:checking '/home/jxf/robotarm/install/robotarm' for CMake config files
[3.621s] Level 1:colcon.colcon_core.shell:create_environment_hook('robotarm', 'cmake_prefix_path')
[3.633s] INFO:colcon.colcon_core.shell:Creating environment hook '/home/jxf/robotarm/install/robotarm/share/robotarm/hook/cmake_prefix_path.ps1'
[3.634s] INFO:colcon.colcon_core.shell:Creating environment descriptor '/home/jxf/robotarm/install/robotarm/share/robotarm/hook/cmake_prefix_path.dsv'
[3.634s] INFO:colcon.colcon_core.shell:Creating environment hook '/home/jxf/robotarm/install/robotarm/share/robotarm/hook/cmake_prefix_path.sh'
[3.635s] Level 1:colcon.colcon_core.environment:checking '/home/jxf/robotarm/install/robotarm/bin'
[3.635s] Level 1:colcon.colcon_core.environment:checking '/home/jxf/robotarm/install/robotarm/lib/pkgconfig/robotarm.pc'
[3.635s] Level 1:colcon.colcon_core.environment:checking '/home/jxf/robotarm/install/robotarm/lib/python3.10/site-packages'
[3.635s] Level 1:colcon.colcon_core.environment:checking '/home/jxf/robotarm/install/robotarm/bin'
[3.648s] INFO:colcon.colcon_core.shell:Creating package script '/home/jxf/robotarm/install/robotarm/share/robotarm/package.ps1'
[3.649s] INFO:colcon.colcon_core.shell:Creating package descriptor '/home/jxf/robotarm/install/robotarm/share/robotarm/package.dsv'
[3.649s] INFO:colcon.colcon_core.shell:Creating package script '/home/jxf/robotarm/install/robotarm/share/robotarm/package.sh'
[3.649s] INFO:colcon.colcon_core.shell:Creating package script '/home/jxf/robotarm/install/robotarm/share/robotarm/package.bash'
[3.650s] INFO:colcon.colcon_core.shell:Creating package script '/home/jxf/robotarm/install/robotarm/share/robotarm/package.zsh'
[3.650s] Level 1:colcon.colcon_core.environment:create_file_with_runtime_dependencies(/home/jxf/robotarm/install/robotarm/share/colcon-core/packages/robotarm)
[3.774s] Level 1:colcon.colcon_core.environment:create_environment_scripts_only(robotarm)
[3.810s] Level 1:colcon.colcon_core.environment:checking '/home/jxf/robotarm/install/robotarm' for CMake module files
[3.811s] Level 1:colcon.colcon_core.environment:checking '/home/jxf/robotarm/install/robotarm' for CMake config files
[3.812s] Level 1:colcon.colcon_core.shell:create_environment_hook('robotarm', 'cmake_prefix_path')
[3.827s] INFO:colcon.colcon_core.shell:Creating environment hook '/home/jxf/robotarm/install/robotarm/share/robotarm/hook/cmake_prefix_path.ps1'
[3.827s] INFO:colcon.colcon_core.shell:Creating environment descriptor '/home/jxf/robotarm/install/robotarm/share/robotarm/hook/cmake_prefix_path.dsv'
[3.827s] INFO:colcon.colcon_core.shell:Creating environment hook '/home/jxf/robotarm/install/robotarm/share/robotarm/hook/cmake_prefix_path.sh'
[3.828s] Level 1:colcon.colcon_core.environment:checking '/home/jxf/robotarm/install/robotarm/bin'
[3.828s] Level 1:colcon.colcon_core.environment:checking '/home/jxf/robotarm/install/robotarm/lib/pkgconfig/robotarm.pc'
[3.828s] Level 1:colcon.colcon_core.environment:checking '/home/jxf/robotarm/install/robotarm/lib/python3.10/site-packages'
[3.828s] Level 1:colcon.colcon_core.environment:checking '/home/jxf/robotarm/install/robotarm/bin'
[3.841s] INFO:colcon.colcon_core.shell:Creating package script '/home/jxf/robotarm/install/robotarm/share/robotarm/package.ps1'
[3.841s] INFO:colcon.colcon_core.shell:Creating package descriptor '/home/jxf/robotarm/install/robotarm/share/robotarm/package.dsv'
[3.842s] INFO:colcon.colcon_core.shell:Creating package script '/home/jxf/robotarm/install/robotarm/share/robotarm/package.sh'
[3.842s] INFO:colcon.colcon_core.shell:Creating package script '/home/jxf/robotarm/install/robotarm/share/robotarm/package.bash'
[3.842s] INFO:colcon.colcon_core.shell:Creating package script '/home/jxf/robotarm/install/robotarm/share/robotarm/package.zsh'
[3.842s] Level 1:colcon.colcon_core.environment:create_file_with_runtime_dependencies(/home/jxf/robotarm/install/robotarm/share/colcon-core/packages/robotarm)
[3.843s] INFO:colcon.colcon_ros.task.ament_cmake.build:Building ROS package in '/home/jxf/robotarm/robotarm_moveit2' with build type 'ament_cmake'
[3.843s] INFO:colcon.colcon_cmake.task.cmake.build:Building CMake package in '/home/jxf/robotarm/robotarm_moveit2'
[3.856s] INFO:colcon.colcon_core.shell:Skip shell extension 'powershell' for command environment: Not usable outside of PowerShell
[3.856s] DEBUG:colcon.colcon_core.shell:Skip shell extension 'dsv' for command environment
[3.927s] DEBUG:colcon.colcon_core.event_handler.log_command:Invoking command in '/home/jxf/robotarm/build/robotarm_moveit2': CMAKE_PREFIX_PATH=/home/jxf/robotarm/install/robotarm:/home/jxf/robotarm/install/robotarm_moveit2:/home/jxf/robotarm/install/robotarm_control:/home/jxf/ws_moveit/install/moveit2_tutorials:/home/jxf/ws_moveit/install/hello_moveit:/home/jxf/ws_moveit/install/moveit_visual_tools:/home/jxf/ws_moveit/install/rviz_visual_tools:/home/jxf/ws_moveit/install/moveit_task_constructor_visualization:/home/jxf/ws_moveit/install/moveit_task_constructor_demo:/home/jxf/ws_moveit/install/moveit_task_constructor_capabilities:/home/jxf/ws_moveit/install/moveit_task_constructor_core:/home/jxf/ws_moveit/install/rviz_marker_tools:/home/jxf/ws_moveit/install/pilz_industrial_motion_planner_testutils:/home/jxf/ws_moveit/install/moveit_runtime:/home/jxf/ws_moveit/install/moveit:/home/jxf/ws_moveit/install/kinova_gen3_7dof_robotiq_2f_85_moveit_config:/home/jxf/ws_moveit/install/kinova_gen3_6dof_robotiq_2f_85_moveit_config:/home/jxf/ws_moveit/install/moveit_planners:/home/jxf/ws_moveit/install/pilz_industrial_motion_planner:/home/jxf/ws_moveit/install/pick_ik:/home/jxf/ws_moveit/install/moveit_task_constructor_msgs:/home/jxf/ws_moveit/install/moveit_ros_control_interface:/home/jxf/ws_moveit/install/moveit_plugins:/home/jxf/ws_moveit/install/moveit_simple_controller_manager:/home/jxf/ws_moveit/install/moveit_setup_assistant:/home/jxf/ws_moveit/install/moveit_setup_srdf_plugins:/home/jxf/ws_moveit/install/moveit_setup_core_plugins:/home/jxf/ws_moveit/install/moveit_setup_controllers:/home/jxf/ws_moveit/install/moveit_setup_app_plugins:/home/jxf/ws_moveit/install/moveit_setup_framework:/home/jxf/ws_moveit/install/moveit_servo:/home/jxf/ws_moveit/install/moveit_ros:/home/jxf/ws_moveit/install/moveit_ros_visualization:/home/jxf/ws_moveit/install/moveit_py:/home/jxf/ws_moveit/install/moveit_hybrid_planning:/home/jxf/ws_moveit/install/moveit_ros_planning_interface:/home/jxf/ws_moveit/install/moveit_ros_benchmarks:/home/jxf/ws_moveit/install/moveit_ros_warehouse:/home/jxf/ws_moveit/install/moveit_ros_robot_interaction:/home/jxf/ws_moveit/install/moveit_ros_perception:/home/jxf/ws_moveit/install/moveit_resources_prbt_pg70_support:/home/jxf/ws_moveit/install/moveit_resources_prbt_moveit_config:/home/jxf/ws_moveit/install/moveit_ros_move_group:/home/jxf/ws_moveit/install/moveit_planners_ompl:/home/jxf/ws_moveit/install/moveit_kinematics:/home/jxf/ws_moveit/install/moveit_ros_planning:/home/jxf/ws_moveit/install/moveit_ros_occupancy_map_monitor:/home/jxf/ws_moveit/install/moveit_resources_prbt_support:/home/jxf/ws_moveit/install/moveit_resources_prbt_ikfast_manipulator_plugin:/home/jxf/ws_moveit/install/moveit_resources:/home/jxf/ws_moveit/install/moveit_resources_pr2_description:/home/jxf/ws_moveit/install/moveit_resources_panda_moveit_config:/home/jxf/ws_moveit/install/dual_arm_panda_moveit_config:/home/jxf/ws_moveit/install/moveit_resources_panda_description:/home/jxf/ws_moveit/install/moveit_resources_fanuc_moveit_config:/home/jxf/ws_moveit/install/moveit_resources_fanuc_description:/home/jxf/ws_moveit/install/moveit_planners_stomp:/home/jxf/ws_moveit/install/moveit_planners_chomp:/home/jxf/ws_moveit/install/moveit_chomp_optimizer_adapter:/home/jxf/ws_moveit/install/chomp_motion_planner:/home/jxf/ws_moveit/install/moveit_core:/home/jxf/ws_moveit/install/moveit_msgs:/home/jxf/ws_moveit/install/moveit_common:/home/jxf/ws_moveit/install/kortex_bringup:/home/jxf/ws_moveit/install/kortex_driver:/home/jxf/ws_moveit/install/kortex_description:/home/jxf/ws_moveit/install/kortex_api:/home/jxf/ws_moveit/install/moveit_configs_utils:/opt/ros/humble /usr/bin/cmake /home/jxf/robotarm/robotarm_moveit2 -DCMAKE_INSTALL_PREFIX=/home/jxf/robotarm/install/robotarm_moveit2
[5.537s] DEBUG:colcon.colcon_core.event_handler.log_command:Invoked command in '/home/jxf/robotarm/build/robotarm_moveit2' returned '0': CMAKE_PREFIX_PATH=/home/jxf/robotarm/install/robotarm:/home/jxf/robotarm/install/robotarm_moveit2:/home/jxf/robotarm/install/robotarm_control:/home/jxf/ws_moveit/install/moveit2_tutorials:/home/jxf/ws_moveit/install/hello_moveit:/home/jxf/ws_moveit/install/moveit_visual_tools:/home/jxf/ws_moveit/install/rviz_visual_tools:/home/jxf/ws_moveit/install/moveit_task_constructor_visualization:/home/jxf/ws_moveit/install/moveit_task_constructor_demo:/home/jxf/ws_moveit/install/moveit_task_constructor_capabilities:/home/jxf/ws_moveit/install/moveit_task_constructor_core:/home/jxf/ws_moveit/install/rviz_marker_tools:/home/jxf/ws_moveit/install/pilz_industrial_motion_planner_testutils:/home/jxf/ws_moveit/install/moveit_runtime:/home/jxf/ws_moveit/install/moveit:/home/jxf/ws_moveit/install/kinova_gen3_7dof_robotiq_2f_85_moveit_config:/home/jxf/ws_moveit/install/kinova_gen3_6dof_robotiq_2f_85_moveit_config:/home/jxf/ws_moveit/install/moveit_planners:/home/jxf/ws_moveit/install/pilz_industrial_motion_planner:/home/jxf/ws_moveit/install/pick_ik:/home/jxf/ws_moveit/install/moveit_task_constructor_msgs:/home/jxf/ws_moveit/install/moveit_ros_control_interface:/home/jxf/ws_moveit/install/moveit_plugins:/home/jxf/ws_moveit/install/moveit_simple_controller_manager:/home/jxf/ws_moveit/install/moveit_setup_assistant:/home/jxf/ws_moveit/install/moveit_setup_srdf_plugins:/home/jxf/ws_moveit/install/moveit_setup_core_plugins:/home/jxf/ws_moveit/install/moveit_setup_controllers:/home/jxf/ws_moveit/install/moveit_setup_app_plugins:/home/jxf/ws_moveit/install/moveit_setup_framework:/home/jxf/ws_moveit/install/moveit_servo:/home/jxf/ws_moveit/install/moveit_ros:/home/jxf/ws_moveit/install/moveit_ros_visualization:/home/jxf/ws_moveit/install/moveit_py:/home/jxf/ws_moveit/install/moveit_hybrid_planning:/home/jxf/ws_moveit/install/moveit_ros_planning_interface:/home/jxf/ws_moveit/install/moveit_ros_benchmarks:/home/jxf/ws_moveit/install/moveit_ros_warehouse:/home/jxf/ws_moveit/install/moveit_ros_robot_interaction:/home/jxf/ws_moveit/install/moveit_ros_perception:/home/jxf/ws_moveit/install/moveit_resources_prbt_pg70_support:/home/jxf/ws_moveit/install/moveit_resources_prbt_moveit_config:/home/jxf/ws_moveit/install/moveit_ros_move_group:/home/jxf/ws_moveit/install/moveit_planners_ompl:/home/jxf/ws_moveit/install/moveit_kinematics:/home/jxf/ws_moveit/install/moveit_ros_planning:/home/jxf/ws_moveit/install/moveit_ros_occupancy_map_monitor:/home/jxf/ws_moveit/install/moveit_resources_prbt_support:/home/jxf/ws_moveit/install/moveit_resources_prbt_ikfast_manipulator_plugin:/home/jxf/ws_moveit/install/moveit_resources:/home/jxf/ws_moveit/install/moveit_resources_pr2_description:/home/jxf/ws_moveit/install/moveit_resources_panda_moveit_config:/home/jxf/ws_moveit/install/dual_arm_panda_moveit_config:/home/jxf/ws_moveit/install/moveit_resources_panda_description:/home/jxf/ws_moveit/install/moveit_resources_fanuc_moveit_config:/home/jxf/ws_moveit/install/moveit_resources_fanuc_description:/home/jxf/ws_moveit/install/moveit_planners_stomp:/home/jxf/ws_moveit/install/moveit_planners_chomp:/home/jxf/ws_moveit/install/moveit_chomp_optimizer_adapter:/home/jxf/ws_moveit/install/chomp_motion_planner:/home/jxf/ws_moveit/install/moveit_core:/home/jxf/ws_moveit/install/moveit_msgs:/home/jxf/ws_moveit/install/moveit_common:/home/jxf/ws_moveit/install/kortex_bringup:/home/jxf/ws_moveit/install/kortex_driver:/home/jxf/ws_moveit/install/kortex_description:/home/jxf/ws_moveit/install/kortex_api:/home/jxf/ws_moveit/install/moveit_configs_utils:/opt/ros/humble /usr/bin/cmake /home/jxf/robotarm/robotarm_moveit2 -DCMAKE_INSTALL_PREFIX=/home/jxf/robotarm/install/robotarm_moveit2
[5.539s] DEBUG:colcon.colcon_core.event_handler.log_command:Invoking command in '/home/jxf/robotarm/build/robotarm_moveit2': CMAKE_PREFIX_PATH=/home/jxf/robotarm/install/robotarm:/home/jxf/robotarm/install/robotarm_moveit2:/home/jxf/robotarm/install/robotarm_control:/home/jxf/ws_moveit/install/moveit2_tutorials:/home/jxf/ws_moveit/install/hello_moveit:/home/jxf/ws_moveit/install/moveit_visual_tools:/home/jxf/ws_moveit/install/rviz_visual_tools:/home/jxf/ws_moveit/install/moveit_task_constructor_visualization:/home/jxf/ws_moveit/install/moveit_task_constructor_demo:/home/jxf/ws_moveit/install/moveit_task_constructor_capabilities:/home/jxf/ws_moveit/install/moveit_task_constructor_core:/home/jxf/ws_moveit/install/rviz_marker_tools:/home/jxf/ws_moveit/install/pilz_industrial_motion_planner_testutils:/home/jxf/ws_moveit/install/moveit_runtime:/home/jxf/ws_moveit/install/moveit:/home/jxf/ws_moveit/install/kinova_gen3_7dof_robotiq_2f_85_moveit_config:/home/jxf/ws_moveit/install/kinova_gen3_6dof_robotiq_2f_85_moveit_config:/home/jxf/ws_moveit/install/moveit_planners:/home/jxf/ws_moveit/install/pilz_industrial_motion_planner:/home/jxf/ws_moveit/install/pick_ik:/home/jxf/ws_moveit/install/moveit_task_constructor_msgs:/home/jxf/ws_moveit/install/moveit_ros_control_interface:/home/jxf/ws_moveit/install/moveit_plugins:/home/jxf/ws_moveit/install/moveit_simple_controller_manager:/home/jxf/ws_moveit/install/moveit_setup_assistant:/home/jxf/ws_moveit/install/moveit_setup_srdf_plugins:/home/jxf/ws_moveit/install/moveit_setup_core_plugins:/home/jxf/ws_moveit/install/moveit_setup_controllers:/home/jxf/ws_moveit/install/moveit_setup_app_plugins:/home/jxf/ws_moveit/install/moveit_setup_framework:/home/jxf/ws_moveit/install/moveit_servo:/home/jxf/ws_moveit/install/moveit_ros:/home/jxf/ws_moveit/install/moveit_ros_visualization:/home/jxf/ws_moveit/install/moveit_py:/home/jxf/ws_moveit/install/moveit_hybrid_planning:/home/jxf/ws_moveit/install/moveit_ros_planning_interface:/home/jxf/ws_moveit/install/moveit_ros_benchmarks:/home/jxf/ws_moveit/install/moveit_ros_warehouse:/home/jxf/ws_moveit/install/moveit_ros_robot_interaction:/home/jxf/ws_moveit/install/moveit_ros_perception:/home/jxf/ws_moveit/install/moveit_resources_prbt_pg70_support:/home/jxf/ws_moveit/install/moveit_resources_prbt_moveit_config:/home/jxf/ws_moveit/install/moveit_ros_move_group:/home/jxf/ws_moveit/install/moveit_planners_ompl:/home/jxf/ws_moveit/install/moveit_kinematics:/home/jxf/ws_moveit/install/moveit_ros_planning:/home/jxf/ws_moveit/install/moveit_ros_occupancy_map_monitor:/home/jxf/ws_moveit/install/moveit_resources_prbt_support:/home/jxf/ws_moveit/install/moveit_resources_prbt_ikfast_manipulator_plugin:/home/jxf/ws_moveit/install/moveit_resources:/home/jxf/ws_moveit/install/moveit_resources_pr2_description:/home/jxf/ws_moveit/install/moveit_resources_panda_moveit_config:/home/jxf/ws_moveit/install/dual_arm_panda_moveit_config:/home/jxf/ws_moveit/install/moveit_resources_panda_description:/home/jxf/ws_moveit/install/moveit_resources_fanuc_moveit_config:/home/jxf/ws_moveit/install/moveit_resources_fanuc_description:/home/jxf/ws_moveit/install/moveit_planners_stomp:/home/jxf/ws_moveit/install/moveit_planners_chomp:/home/jxf/ws_moveit/install/moveit_chomp_optimizer_adapter:/home/jxf/ws_moveit/install/chomp_motion_planner:/home/jxf/ws_moveit/install/moveit_core:/home/jxf/ws_moveit/install/moveit_msgs:/home/jxf/ws_moveit/install/moveit_common:/home/jxf/ws_moveit/install/kortex_bringup:/home/jxf/ws_moveit/install/kortex_driver:/home/jxf/ws_moveit/install/kortex_description:/home/jxf/ws_moveit/install/kortex_api:/home/jxf/ws_moveit/install/moveit_configs_utils:/opt/ros/humble /usr/bin/cmake --build /home/jxf/robotarm/build/robotarm_moveit2 -- -j16 -l16
[5.701s] DEBUG:colcon.colcon_core.event_handler.log_command:Invoked command in '/home/jxf/robotarm/build/robotarm_moveit2' returned '0': CMAKE_PREFIX_PATH=/home/jxf/robotarm/install/robotarm:/home/jxf/robotarm/install/robotarm_moveit2:/home/jxf/robotarm/install/robotarm_control:/home/jxf/ws_moveit/install/moveit2_tutorials:/home/jxf/ws_moveit/install/hello_moveit:/home/jxf/ws_moveit/install/moveit_visual_tools:/home/jxf/ws_moveit/install/rviz_visual_tools:/home/jxf/ws_moveit/install/moveit_task_constructor_visualization:/home/jxf/ws_moveit/install/moveit_task_constructor_demo:/home/jxf/ws_moveit/install/moveit_task_constructor_capabilities:/home/jxf/ws_moveit/install/moveit_task_constructor_core:/home/jxf/ws_moveit/install/rviz_marker_tools:/home/jxf/ws_moveit/install/pilz_industrial_motion_planner_testutils:/home/jxf/ws_moveit/install/moveit_runtime:/home/jxf/ws_moveit/install/moveit:/home/jxf/ws_moveit/install/kinova_gen3_7dof_robotiq_2f_85_moveit_config:/home/jxf/ws_moveit/install/kinova_gen3_6dof_robotiq_2f_85_moveit_config:/home/jxf/ws_moveit/install/moveit_planners:/home/jxf/ws_moveit/install/pilz_industrial_motion_planner:/home/jxf/ws_moveit/install/pick_ik:/home/jxf/ws_moveit/install/moveit_task_constructor_msgs:/home/jxf/ws_moveit/install/moveit_ros_control_interface:/home/jxf/ws_moveit/install/moveit_plugins:/home/jxf/ws_moveit/install/moveit_simple_controller_manager:/home/jxf/ws_moveit/install/moveit_setup_assistant:/home/jxf/ws_moveit/install/moveit_setup_srdf_plugins:/home/jxf/ws_moveit/install/moveit_setup_core_plugins:/home/jxf/ws_moveit/install/moveit_setup_controllers:/home/jxf/ws_moveit/install/moveit_setup_app_plugins:/home/jxf/ws_moveit/install/moveit_setup_framework:/home/jxf/ws_moveit/install/moveit_servo:/home/jxf/ws_moveit/install/moveit_ros:/home/jxf/ws_moveit/install/moveit_ros_visualization:/home/jxf/ws_moveit/install/moveit_py:/home/jxf/ws_moveit/install/moveit_hybrid_planning:/home/jxf/ws_moveit/install/moveit_ros_planning_interface:/home/jxf/ws_moveit/install/moveit_ros_benchmarks:/home/jxf/ws_moveit/install/moveit_ros_warehouse:/home/jxf/ws_moveit/install/moveit_ros_robot_interaction:/home/jxf/ws_moveit/install/moveit_ros_perception:/home/jxf/ws_moveit/install/moveit_resources_prbt_pg70_support:/home/jxf/ws_moveit/install/moveit_resources_prbt_moveit_config:/home/jxf/ws_moveit/install/moveit_ros_move_group:/home/jxf/ws_moveit/install/moveit_planners_ompl:/home/jxf/ws_moveit/install/moveit_kinematics:/home/jxf/ws_moveit/install/moveit_ros_planning:/home/jxf/ws_moveit/install/moveit_ros_occupancy_map_monitor:/home/jxf/ws_moveit/install/moveit_resources_prbt_support:/home/jxf/ws_moveit/install/moveit_resources_prbt_ikfast_manipulator_plugin:/home/jxf/ws_moveit/install/moveit_resources:/home/jxf/ws_moveit/install/moveit_resources_pr2_description:/home/jxf/ws_moveit/install/moveit_resources_panda_moveit_config:/home/jxf/ws_moveit/install/dual_arm_panda_moveit_config:/home/jxf/ws_moveit/install/moveit_resources_panda_description:/home/jxf/ws_moveit/install/moveit_resources_fanuc_moveit_config:/home/jxf/ws_moveit/install/moveit_resources_fanuc_description:/home/jxf/ws_moveit/install/moveit_planners_stomp:/home/jxf/ws_moveit/install/moveit_planners_chomp:/home/jxf/ws_moveit/install/moveit_chomp_optimizer_adapter:/home/jxf/ws_moveit/install/chomp_motion_planner:/home/jxf/ws_moveit/install/moveit_core:/home/jxf/ws_moveit/install/moveit_msgs:/home/jxf/ws_moveit/install/moveit_common:/home/jxf/ws_moveit/install/kortex_bringup:/home/jxf/ws_moveit/install/kortex_driver:/home/jxf/ws_moveit/install/kortex_description:/home/jxf/ws_moveit/install/kortex_api:/home/jxf/ws_moveit/install/moveit_configs_utils:/opt/ros/humble /usr/bin/cmake --build /home/jxf/robotarm/build/robotarm_moveit2 -- -j16 -l16
[5.833s] DEBUG:colcon.colcon_core.event_handler.log_command:Invoking command in '/home/jxf/robotarm/build/robotarm_moveit2': CMAKE_PREFIX_PATH=/home/jxf/robotarm/install/robotarm:/home/jxf/robotarm/install/robotarm_moveit2:/home/jxf/robotarm/install/robotarm_control:/home/jxf/ws_moveit/install/moveit2_tutorials:/home/jxf/ws_moveit/install/hello_moveit:/home/jxf/ws_moveit/install/moveit_visual_tools:/home/jxf/ws_moveit/install/rviz_visual_tools:/home/jxf/ws_moveit/install/moveit_task_constructor_visualization:/home/jxf/ws_moveit/install/moveit_task_constructor_demo:/home/jxf/ws_moveit/install/moveit_task_constructor_capabilities:/home/jxf/ws_moveit/install/moveit_task_constructor_core:/home/jxf/ws_moveit/install/rviz_marker_tools:/home/jxf/ws_moveit/install/pilz_industrial_motion_planner_testutils:/home/jxf/ws_moveit/install/moveit_runtime:/home/jxf/ws_moveit/install/moveit:/home/jxf/ws_moveit/install/kinova_gen3_7dof_robotiq_2f_85_moveit_config:/home/jxf/ws_moveit/install/kinova_gen3_6dof_robotiq_2f_85_moveit_config:/home/jxf/ws_moveit/install/moveit_planners:/home/jxf/ws_moveit/install/pilz_industrial_motion_planner:/home/jxf/ws_moveit/install/pick_ik:/home/jxf/ws_moveit/install/moveit_task_constructor_msgs:/home/jxf/ws_moveit/install/moveit_ros_control_interface:/home/jxf/ws_moveit/install/moveit_plugins:/home/jxf/ws_moveit/install/moveit_simple_controller_manager:/home/jxf/ws_moveit/install/moveit_setup_assistant:/home/jxf/ws_moveit/install/moveit_setup_srdf_plugins:/home/jxf/ws_moveit/install/moveit_setup_core_plugins:/home/jxf/ws_moveit/install/moveit_setup_controllers:/home/jxf/ws_moveit/install/moveit_setup_app_plugins:/home/jxf/ws_moveit/install/moveit_setup_framework:/home/jxf/ws_moveit/install/moveit_servo:/home/jxf/ws_moveit/install/moveit_ros:/home/jxf/ws_moveit/install/moveit_ros_visualization:/home/jxf/ws_moveit/install/moveit_py:/home/jxf/ws_moveit/install/moveit_hybrid_planning:/home/jxf/ws_moveit/install/moveit_ros_planning_interface:/home/jxf/ws_moveit/install/moveit_ros_benchmarks:/home/jxf/ws_moveit/install/moveit_ros_warehouse:/home/jxf/ws_moveit/install/moveit_ros_robot_interaction:/home/jxf/ws_moveit/install/moveit_ros_perception:/home/jxf/ws_moveit/install/moveit_resources_prbt_pg70_support:/home/jxf/ws_moveit/install/moveit_resources_prbt_moveit_config:/home/jxf/ws_moveit/install/moveit_ros_move_group:/home/jxf/ws_moveit/install/moveit_planners_ompl:/home/jxf/ws_moveit/install/moveit_kinematics:/home/jxf/ws_moveit/install/moveit_ros_planning:/home/jxf/ws_moveit/install/moveit_ros_occupancy_map_monitor:/home/jxf/ws_moveit/install/moveit_resources_prbt_support:/home/jxf/ws_moveit/install/moveit_resources_prbt_ikfast_manipulator_plugin:/home/jxf/ws_moveit/install/moveit_resources:/home/jxf/ws_moveit/install/moveit_resources_pr2_description:/home/jxf/ws_moveit/install/moveit_resources_panda_moveit_config:/home/jxf/ws_moveit/install/dual_arm_panda_moveit_config:/home/jxf/ws_moveit/install/moveit_resources_panda_description:/home/jxf/ws_moveit/install/moveit_resources_fanuc_moveit_config:/home/jxf/ws_moveit/install/moveit_resources_fanuc_description:/home/jxf/ws_moveit/install/moveit_planners_stomp:/home/jxf/ws_moveit/install/moveit_planners_chomp:/home/jxf/ws_moveit/install/moveit_chomp_optimizer_adapter:/home/jxf/ws_moveit/install/chomp_motion_planner:/home/jxf/ws_moveit/install/moveit_core:/home/jxf/ws_moveit/install/moveit_msgs:/home/jxf/ws_moveit/install/moveit_common:/home/jxf/ws_moveit/install/kortex_bringup:/home/jxf/ws_moveit/install/kortex_driver:/home/jxf/ws_moveit/install/kortex_description:/home/jxf/ws_moveit/install/kortex_api:/home/jxf/ws_moveit/install/moveit_configs_utils:/opt/ros/humble /usr/bin/cmake --install /home/jxf/robotarm/build/robotarm_moveit2
[5.881s] Level 1:colcon.colcon_core.environment:create_environment_scripts_only(robotarm_moveit2)
[5.882s] DEBUG:colcon.colcon_core.event_handler.log_command:Invoked command in '/home/jxf/robotarm/build/robotarm_moveit2' returned '0': CMAKE_PREFIX_PATH=/home/jxf/robotarm/install/robotarm:/home/jxf/robotarm/install/robotarm_moveit2:/home/jxf/robotarm/install/robotarm_control:/home/jxf/ws_moveit/install/moveit2_tutorials:/home/jxf/ws_moveit/install/hello_moveit:/home/jxf/ws_moveit/install/moveit_visual_tools:/home/jxf/ws_moveit/install/rviz_visual_tools:/home/jxf/ws_moveit/install/moveit_task_constructor_visualization:/home/jxf/ws_moveit/install/moveit_task_constructor_demo:/home/jxf/ws_moveit/install/moveit_task_constructor_capabilities:/home/jxf/ws_moveit/install/moveit_task_constructor_core:/home/jxf/ws_moveit/install/rviz_marker_tools:/home/jxf/ws_moveit/install/pilz_industrial_motion_planner_testutils:/home/jxf/ws_moveit/install/moveit_runtime:/home/jxf/ws_moveit/install/moveit:/home/jxf/ws_moveit/install/kinova_gen3_7dof_robotiq_2f_85_moveit_config:/home/jxf/ws_moveit/install/kinova_gen3_6dof_robotiq_2f_85_moveit_config:/home/jxf/ws_moveit/install/moveit_planners:/home/jxf/ws_moveit/install/pilz_industrial_motion_planner:/home/jxf/ws_moveit/install/pick_ik:/home/jxf/ws_moveit/install/moveit_task_constructor_msgs:/home/jxf/ws_moveit/install/moveit_ros_control_interface:/home/jxf/ws_moveit/install/moveit_plugins:/home/jxf/ws_moveit/install/moveit_simple_controller_manager:/home/jxf/ws_moveit/install/moveit_setup_assistant:/home/jxf/ws_moveit/install/moveit_setup_srdf_plugins:/home/jxf/ws_moveit/install/moveit_setup_core_plugins:/home/jxf/ws_moveit/install/moveit_setup_controllers:/home/jxf/ws_moveit/install/moveit_setup_app_plugins:/home/jxf/ws_moveit/install/moveit_setup_framework:/home/jxf/ws_moveit/install/moveit_servo:/home/jxf/ws_moveit/install/moveit_ros:/home/jxf/ws_moveit/install/moveit_ros_visualization:/home/jxf/ws_moveit/install/moveit_py:/home/jxf/ws_moveit/install/moveit_hybrid_planning:/home/jxf/ws_moveit/install/moveit_ros_planning_interface:/home/jxf/ws_moveit/install/moveit_ros_benchmarks:/home/jxf/ws_moveit/install/moveit_ros_warehouse:/home/jxf/ws_moveit/install/moveit_ros_robot_interaction:/home/jxf/ws_moveit/install/moveit_ros_perception:/home/jxf/ws_moveit/install/moveit_resources_prbt_pg70_support:/home/jxf/ws_moveit/install/moveit_resources_prbt_moveit_config:/home/jxf/ws_moveit/install/moveit_ros_move_group:/home/jxf/ws_moveit/install/moveit_planners_ompl:/home/jxf/ws_moveit/install/moveit_kinematics:/home/jxf/ws_moveit/install/moveit_ros_planning:/home/jxf/ws_moveit/install/moveit_ros_occupancy_map_monitor:/home/jxf/ws_moveit/install/moveit_resources_prbt_support:/home/jxf/ws_moveit/install/moveit_resources_prbt_ikfast_manipulator_plugin:/home/jxf/ws_moveit/install/moveit_resources:/home/jxf/ws_moveit/install/moveit_resources_pr2_description:/home/jxf/ws_moveit/install/moveit_resources_panda_moveit_config:/home/jxf/ws_moveit/install/dual_arm_panda_moveit_config:/home/jxf/ws_moveit/install/moveit_resources_panda_description:/home/jxf/ws_moveit/install/moveit_resources_fanuc_moveit_config:/home/jxf/ws_moveit/install/moveit_resources_fanuc_description:/home/jxf/ws_moveit/install/moveit_planners_stomp:/home/jxf/ws_moveit/install/moveit_planners_chomp:/home/jxf/ws_moveit/install/moveit_chomp_optimizer_adapter:/home/jxf/ws_moveit/install/chomp_motion_planner:/home/jxf/ws_moveit/install/moveit_core:/home/jxf/ws_moveit/install/moveit_msgs:/home/jxf/ws_moveit/install/moveit_common:/home/jxf/ws_moveit/install/kortex_bringup:/home/jxf/ws_moveit/install/kortex_driver:/home/jxf/ws_moveit/install/kortex_description:/home/jxf/ws_moveit/install/kortex_api:/home/jxf/ws_moveit/install/moveit_configs_utils:/opt/ros/humble /usr/bin/cmake --install /home/jxf/robotarm/build/robotarm_moveit2
[5.917s] Level 1:colcon.colcon_core.environment:checking '/home/jxf/robotarm/install/robotarm_moveit2' for CMake module files
[5.918s] Level 1:colcon.colcon_core.environment:checking '/home/jxf/robotarm/install/robotarm_moveit2' for CMake config files
[5.919s] Level 1:colcon.colcon_core.shell:create_environment_hook('robotarm_moveit2', 'cmake_prefix_path')
[5.956s] INFO:colcon.colcon_core.shell:Creating environment hook '/home/jxf/robotarm/install/robotarm_moveit2/share/robotarm_moveit2/hook/cmake_prefix_path.ps1'
[5.957s] INFO:colcon.colcon_core.shell:Creating environment descriptor '/home/jxf/robotarm/install/robotarm_moveit2/share/robotarm_moveit2/hook/cmake_prefix_path.dsv'
[5.957s] INFO:colcon.colcon_core.shell:Creating environment hook '/home/jxf/robotarm/install/robotarm_moveit2/share/robotarm_moveit2/hook/cmake_prefix_path.sh'
[5.958s] Level 1:colcon.colcon_core.environment:checking '/home/jxf/robotarm/install/robotarm_moveit2/bin'
[5.959s] Level 1:colcon.colcon_core.environment:checking '/home/jxf/robotarm/install/robotarm_moveit2/lib/pkgconfig/robotarm_moveit2.pc'
[5.959s] Level 1:colcon.colcon_core.environment:checking '/home/jxf/robotarm/install/robotarm_moveit2/lib/python3.10/site-packages'
[5.959s] Level 1:colcon.colcon_core.environment:checking '/home/jxf/robotarm/install/robotarm_moveit2/bin'
[5.978s] INFO:colcon.colcon_core.shell:Creating package script '/home/jxf/robotarm/install/robotarm_moveit2/share/robotarm_moveit2/package.ps1'
[5.978s] INFO:colcon.colcon_core.shell:Creating package descriptor '/home/jxf/robotarm/install/robotarm_moveit2/share/robotarm_moveit2/package.dsv'
[5.978s] INFO:colcon.colcon_core.shell:Creating package script '/home/jxf/robotarm/install/robotarm_moveit2/share/robotarm_moveit2/package.sh'
[5.979s] INFO:colcon.colcon_core.shell:Creating package script '/home/jxf/robotarm/install/robotarm_moveit2/share/robotarm_moveit2/package.bash'
[5.979s] INFO:colcon.colcon_core.shell:Creating package script '/home/jxf/robotarm/install/robotarm_moveit2/share/robotarm_moveit2/package.zsh'
[5.979s] Level 1:colcon.colcon_core.environment:create_file_with_runtime_dependencies(/home/jxf/robotarm/install/robotarm_moveit2/share/colcon-core/packages/robotarm_moveit2)
[6.117s] Level 1:colcon.colcon_core.environment:create_environment_scripts_only(robotarm_moveit2)
[6.154s] Level 1:colcon.colcon_core.environment:checking '/home/jxf/robotarm/install/robotarm_moveit2' for CMake module files
[6.155s] Level 1:colcon.colcon_core.environment:checking '/home/jxf/robotarm/install/robotarm_moveit2' for CMake config files
[6.156s] Level 1:colcon.colcon_core.shell:create_environment_hook('robotarm_moveit2', 'cmake_prefix_path')
[6.168s] INFO:colcon.colcon_core.shell:Creating environment hook '/home/jxf/robotarm/install/robotarm_moveit2/share/robotarm_moveit2/hook/cmake_prefix_path.ps1'
[6.169s] INFO:colcon.colcon_core.shell:Creating environment descriptor '/home/jxf/robotarm/install/robotarm_moveit2/share/robotarm_moveit2/hook/cmake_prefix_path.dsv'
[6.169s] INFO:colcon.colcon_core.shell:Creating environment hook '/home/jxf/robotarm/install/robotarm_moveit2/share/robotarm_moveit2/hook/cmake_prefix_path.sh'
[6.169s] Level 1:colcon.colcon_core.environment:checking '/home/jxf/robotarm/install/robotarm_moveit2/bin'
[6.169s] Level 1:colcon.colcon_core.environment:checking '/home/jxf/robotarm/install/robotarm_moveit2/lib/pkgconfig/robotarm_moveit2.pc'
[6.169s] Level 1:colcon.colcon_core.environment:checking '/home/jxf/robotarm/install/robotarm_moveit2/lib/python3.10/site-packages'
[6.170s] Level 1:colcon.colcon_core.environment:checking '/home/jxf/robotarm/install/robotarm_moveit2/bin'
[6.182s] INFO:colcon.colcon_core.shell:Creating package script '/home/jxf/robotarm/install/robotarm_moveit2/share/robotarm_moveit2/package.ps1'
[6.183s] INFO:colcon.colcon_core.shell:Creating package descriptor '/home/jxf/robotarm/install/robotarm_moveit2/share/robotarm_moveit2/package.dsv'
[6.183s] INFO:colcon.colcon_core.shell:Creating package script '/home/jxf/robotarm/install/robotarm_moveit2/share/robotarm_moveit2/package.sh'
[6.183s] INFO:colcon.colcon_core.shell:Creating package script '/home/jxf/robotarm/install/robotarm_moveit2/share/robotarm_moveit2/package.bash'
[6.184s] INFO:colcon.colcon_core.shell:Creating package script '/home/jxf/robotarm/install/robotarm_moveit2/share/robotarm_moveit2/package.zsh'
[6.184s] Level 1:colcon.colcon_core.environment:create_file_with_runtime_dependencies(/home/jxf/robotarm/install/robotarm_moveit2/share/colcon-core/packages/robotarm_moveit2)
[6.184s] DEBUG:colcon.colcon_parallel_executor.executor.parallel:closing loop
[6.184s] DEBUG:colcon.colcon_parallel_executor.executor.parallel:loop closed
[6.184s] DEBUG:colcon.colcon_parallel_executor.executor.parallel:run_until_complete finished with '0'
[6.184s] DEBUG:colcon.colcon_core.event_reactor:joining thread
[6.250s] INFO:colcon.colcon_core.plugin_system:Skipping extension 'colcon_notification.desktop_notification.terminal_notifier': Not used on non-Darwin systems
[6.250s] INFO:colcon.colcon_core.plugin_system:Skipping extension 'colcon_notification.desktop_notification.win32': Not used on non-Windows systems
[6.250s] INFO:colcon.colcon_notification.desktop_notification:Sending desktop notification using 'notify2'
[6.275s] DEBUG:colcon.colcon_core.event_reactor:joined thread
[6.291s] INFO:colcon.colcon_core.shell:Creating prefix script '/home/jxf/robotarm/install/local_setup.ps1'
[6.291s] INFO:colcon.colcon_core.shell:Creating prefix util module '/home/jxf/robotarm/install/_local_setup_util_ps1.py'
[6.292s] INFO:colcon.colcon_core.shell:Creating prefix chain script '/home/jxf/robotarm/install/setup.ps1'
[6.307s] INFO:colcon.colcon_core.shell:Creating prefix script '/home/jxf/robotarm/install/local_setup.sh'
[6.308s] INFO:colcon.colcon_core.shell:Creating prefix util module '/home/jxf/robotarm/install/_local_setup_util_sh.py'
[6.308s] INFO:colcon.colcon_core.shell:Creating prefix chain script '/home/jxf/robotarm/install/setup.sh'
[6.323s] INFO:colcon.colcon_core.shell:Creating prefix script '/home/jxf/robotarm/install/local_setup.bash'
[6.324s] INFO:colcon.colcon_core.shell:Creating prefix chain script '/home/jxf/robotarm/install/setup.bash'
[6.339s] INFO:colcon.colcon_core.shell:Creating prefix script '/home/jxf/robotarm/install/local_setup.zsh'
[6.340s] INFO:colcon.colcon_core.shell:Creating prefix chain script '/home/jxf/robotarm/install/setup.zsh'
